2021-02-12T09:55:53.1901429-05:00  [INF] Application started. Press Ctrl+C to shut down. (dcaefe54)
2021-02-12T09:55:53.1940317-05:00  [INF] Hosting environment: "Development" (c3307c92)
2021-02-12T09:55:53.1941643-05:00  [INF] Content root path: "C:\Users\ivanj\source\repos\TwitterSampleStream\TwitterSampleStream" (b5d60022)
2021-02-12T09:58:59.8234010-05:00  [INF] Application started. Press Ctrl+C to shut down. (dcaefe54)
2021-02-12T09:58:59.8303669-05:00  [INF] Hosting environment: "Development" (c3307c92)
2021-02-12T09:58:59.8305152-05:00  [INF] Content root path: "C:\Users\ivanj\source\repos\TwitterSampleStream\TwitterSampleStream" (b5d60022)
2021-02-12T13:03:15.1328037-05:00  [INF] Application started. Press Ctrl+C to shut down. (dcaefe54)
2021-02-12T13:03:15.1381931-05:00  [INF] Hosting environment: "Development" (c3307c92)
2021-02-12T13:03:15.1384529-05:00  [INF] Content root path: "C:\Users\ivanj\source\repos\TwitterSampleStream\TwitterSampleStream" (b5d60022)
2021-02-12T13:05:21.8865479-05:00  [INF] Application started. Press Ctrl+C to shut down. (dcaefe54)
2021-02-12T13:05:21.8903398-05:00  [INF] Hosting environment: "Development" (c3307c92)
2021-02-12T13:05:21.8904608-05:00  [INF] Content root path: "C:\Users\ivanj\source\repos\TwitterSampleStream\TwitterSampleStream" (b5d60022)
2021-02-12T13:05:37.2940801-05:00 80000008-0006-fe00-b63f-84710c7967bb [ERR] An unhandled exception has occurred while executing the request. (48a46595)
System.InvalidOperationException: Sequence contains no elements
   at System.Linq.ThrowHelper.ThrowNoElementsException()
   at System.Linq.Enumerable.Min[TSource,TResult](IEnumerable`1 source, Func`2 selector)
   at TwitterSampleStream.Services.StatsProcessor.TweetsPerMinute() in C:\Users\ivanj\source\repos\TwitterSampleStream\TwitterSampleStream\Services\StatsProcessor.cs:line 106
   at TwitterSampleStream.Controllers.StatsController.Index() in C:\Users\ivanj\source\repos\TwitterSampleStream\TwitterSampleStream\Controllers\StatsController.cs:line 39
   at lambda_method(Closure , Object , Object[] )
   at Microsoft.Extensions.Internal.ObjectMethodExecutor.Execute(Object target, Object[] parameters)
   at Microsoft.AspNetCore.Mvc.Infrastructure.ActionMethodExecutor.SyncActionResultExecutor.Execute(IActionResultTypeMapper mapper, ObjectMethodExecutor executor, Object controller, Object[] arguments)
   at Microsoft.AspNetCore.Mvc.Infrastructure.ControllerActionInvoker.<InvokeActionMethodAsync>g__Logged|12_1(ControllerActionInvoker invoker)
   at Microsoft.AspNetCore.Mvc.Infrastructure.ControllerActionInvoker.<InvokeNextActionFilterAsync>g__Awaited|10_0(ControllerActionInvoker invoker, Task lastTask, State next, Scope scope, Object state, Boolean isCompleted)
   at Microsoft.AspNetCore.Mvc.Infrastructure.ControllerActionInvoker.Rethrow(ActionExecutedContextSealed context)
   at Microsoft.AspNetCore.Mvc.Infrastructure.ControllerActionInvoker.Next(State& next, Scope& scope, Object& state, Boolean& isCompleted)
   at Microsoft.AspNetCore.Mvc.Infrastructure.ControllerActionInvoker.InvokeInnerFilterAsync()
--- End of stack trace from previous location where exception was thrown ---
   at Microsoft.AspNetCore.Mvc.Infrastructure.ResourceInvoker.<InvokeNextResourceFilter>g__Awaited|24_0(ResourceInvoker invoker, Task lastTask, State next, Scope scope, Object state, Boolean isCompleted)
   at Microsoft.AspNetCore.Mvc.Infrastructure.ResourceInvoker.Rethrow(ResourceExecutedContextSealed context)
   at Microsoft.AspNetCore.Mvc.Infrastructure.ResourceInvoker.Next(State& next, Scope& scope, Object& state, Boolean& isCompleted)
   at Microsoft.AspNetCore.Mvc.Infrastructure.ResourceInvoker.InvokeFilterPipelineAsync()
--- End of stack trace from previous location where exception was thrown ---
   at Microsoft.AspNetCore.Mvc.Infrastructure.ResourceInvoker.<InvokeAsync>g__Logged|17_1(ResourceInvoker invoker)
   at Microsoft.AspNetCore.Routing.EndpointMiddleware.<Invoke>g__AwaitRequestTask|6_0(Endpoint endpoint, Task requestTask, ILogger logger)
   at Microsoft.AspNetCore.Authorization.AuthorizationMiddleware.Invoke(HttpContext context)
   at Microsoft.AspNetCore.Diagnostics.DeveloperExceptionPageMiddleware.Invoke(HttpContext context)
2021-02-12T13:06:40.2606518-05:00  [INF] Application started. Press Ctrl+C to shut down. (dcaefe54)
2021-02-12T13:06:40.2658378-05:00  [INF] Hosting environment: "Development" (c3307c92)
2021-02-12T13:06:40.2660137-05:00  [INF] Content root path: "C:\Users\ivanj\source\repos\TwitterSampleStream\TwitterSampleStream" (b5d60022)
2021-02-12T13:07:57.9153405-05:00 8000000b-0004-ff00-b63f-84710c7967bb [ERR] An unhandled exception has occurred while executing the request. (48a46595)
System.InvalidOperationException: Sequence contains no elements
   at System.Linq.ThrowHelper.ThrowNoElementsException()
   at System.Linq.Enumerable.Min[TSource,TResult](IEnumerable`1 source, Func`2 selector)
   at TwitterSampleStream.Services.StatsProcessor.TweetsPerMinute() in C:\Users\ivanj\source\repos\TwitterSampleStream\TwitterSampleStream\Services\StatsProcessor.cs:line 106
   at TwitterSampleStream.Controllers.StatsController.Index() in C:\Users\ivanj\source\repos\TwitterSampleStream\TwitterSampleStream\Controllers\StatsController.cs:line 39
   at lambda_method(Closure , Object , Object[] )
   at Microsoft.Extensions.Internal.ObjectMethodExecutor.Execute(Object target, Object[] parameters)
   at Microsoft.AspNetCore.Mvc.Infrastructure.ActionMethodExecutor.SyncActionResultExecutor.Execute(IActionResultTypeMapper mapper, ObjectMethodExecutor executor, Object controller, Object[] arguments)
   at Microsoft.AspNetCore.Mvc.Infrastructure.ControllerActionInvoker.<InvokeActionMethodAsync>g__Logged|12_1(ControllerActionInvoker invoker)
   at Microsoft.AspNetCore.Mvc.Infrastructure.ControllerActionInvoker.<InvokeNextActionFilterAsync>g__Awaited|10_0(ControllerActionInvoker invoker, Task lastTask, State next, Scope scope, Object state, Boolean isCompleted)
   at Microsoft.AspNetCore.Mvc.Infrastructure.ControllerActionInvoker.Rethrow(ActionExecutedContextSealed context)
   at Microsoft.AspNetCore.Mvc.Infrastructure.ControllerActionInvoker.Next(State& next, Scope& scope, Object& state, Boolean& isCompleted)
   at Microsoft.AspNetCore.Mvc.Infrastructure.ControllerActionInvoker.InvokeInnerFilterAsync()
--- End of stack trace from previous location where exception was thrown ---
   at Microsoft.AspNetCore.Mvc.Infrastructure.ResourceInvoker.<InvokeNextResourceFilter>g__Awaited|24_0(ResourceInvoker invoker, Task lastTask, State next, Scope scope, Object state, Boolean isCompleted)
   at Microsoft.AspNetCore.Mvc.Infrastructure.ResourceInvoker.Rethrow(ResourceExecutedContextSealed context)
   at Microsoft.AspNetCore.Mvc.Infrastructure.ResourceInvoker.Next(State& next, Scope& scope, Object& state, Boolean& isCompleted)
   at Microsoft.AspNetCore.Mvc.Infrastructure.ResourceInvoker.InvokeFilterPipelineAsync()
--- End of stack trace from previous location where exception was thrown ---
   at Microsoft.AspNetCore.Mvc.Infrastructure.ResourceInvoker.<InvokeAsync>g__Logged|17_1(ResourceInvoker invoker)
   at Microsoft.AspNetCore.Routing.EndpointMiddleware.<Invoke>g__AwaitRequestTask|6_0(Endpoint endpoint, Task requestTask, ILogger logger)
   at Microsoft.AspNetCore.Authorization.AuthorizationMiddleware.Invoke(HttpContext context)
   at Microsoft.AspNetCore.Diagnostics.DeveloperExceptionPageMiddleware.Invoke(HttpContext context)
2021-02-12T13:09:33.6100020-05:00  [INF] Application started. Press Ctrl+C to shut down. (dcaefe54)
2021-02-12T13:09:33.6141950-05:00  [INF] Hosting environment: "Development" (c3307c92)
2021-02-12T13:09:33.6143458-05:00  [INF] Content root path: "C:\Users\ivanj\source\repos\TwitterSampleStream\TwitterSampleStream" (b5d60022)
2021-02-12T13:10:54.6799922-05:00  [INF] Application started. Press Ctrl+C to shut down. (dcaefe54)
2021-02-12T13:10:54.6847323-05:00  [INF] Hosting environment: "Development" (c3307c92)
2021-02-12T13:10:54.6849203-05:00  [INF] Content root path: "C:\Users\ivanj\source\repos\TwitterSampleStream\TwitterSampleStream" (b5d60022)
2021-02-12T13:12:30.6923996-05:00  [INF] Application started. Press Ctrl+C to shut down. (dcaefe54)
2021-02-12T13:12:30.6980404-05:00  [INF] Hosting environment: "Development" (c3307c92)
2021-02-12T13:12:30.6982674-05:00  [INF] Content root path: "C:\Users\ivanj\source\repos\TwitterSampleStream\TwitterSampleStream" (b5d60022)
2021-02-12T13:28:08.5578777-05:00  [INF] Application started. Press Ctrl+C to shut down. (dcaefe54)
2021-02-12T13:28:08.5620221-05:00  [INF] Hosting environment: "Development" (c3307c92)
2021-02-12T13:28:08.5621246-05:00  [INF] Content root path: "C:\Users\ivanj\source\repos\TwitterSampleStream\TwitterSampleStream" (b5d60022)
2021-02-12T13:32:12.4090729-05:00  [INF] Application started. Press Ctrl+C to shut down. (dcaefe54)
2021-02-12T13:32:12.4146565-05:00  [INF] Hosting environment: "Development" (c3307c92)
2021-02-12T13:32:12.4148056-05:00  [INF] Content root path: "C:\Users\ivanj\source\repos\TwitterSampleStream\TwitterSampleStream" (b5d60022)
2021-02-12T13:35:11.6733732-05:00  [INF] Application started. Press Ctrl+C to shut down. (dcaefe54)
2021-02-12T13:35:11.6773049-05:00  [INF] Hosting environment: "Development" (c3307c92)
2021-02-12T13:35:11.6774573-05:00  [INF] Content root path: "C:\Users\ivanj\source\repos\TwitterSampleStream\TwitterSampleStream" (b5d60022)
2021-02-12T14:19:38.9869286-05:00  [INF] Application started. Press Ctrl+C to shut down. (dcaefe54)
2021-02-12T14:19:38.9914559-05:00  [INF] Hosting environment: "Development" (c3307c92)
2021-02-12T14:19:38.9915964-05:00  [INF] Content root path: "C:\Users\ivanj\source\repos\TwitterSampleStream\TwitterSampleStream" (b5d60022)
2021-02-12T14:52:51.0984831-05:00  [INF] Application started. Press Ctrl+C to shut down. (dcaefe54)
2021-02-12T14:52:51.1042313-05:00  [INF] Hosting environment: "Development" (c3307c92)
2021-02-12T14:52:51.1044774-05:00  [INF] Content root path: "C:\Users\ivanj\source\repos\TwitterSampleStream\TwitterSampleStream" (b5d60022)
2021-02-12T14:53:41.0856886-05:00  [INF] Application started. Press Ctrl+C to shut down. (dcaefe54)
2021-02-12T14:53:41.0912411-05:00  [INF] Hosting environment: "Development" (c3307c92)
2021-02-12T14:53:41.0913919-05:00  [INF] Content root path: "C:\Users\ivanj\source\repos\TwitterSampleStream\TwitterSampleStream" (b5d60022)
